Jan 03 03:36 : exception: Failed to open '/home/ash/.config/mpd/state': No such file or directory
Jan 03 03:36 : update: added bach_organ_works/Johann Sebastian Bach, Karl Richter - Canzona In D Minor, BWV 588.flac
Jan 03 03:36 : update: added bach_organ_works/Johann Sebastian Bach, Karl Richter - Kommst du nun, Jesu, vom Himmel herunter, BWV 650.flac
Jan 03 03:36 : update: added bach_organ_works/Johann Sebastian Bach, Karl Richter - Partite diverse sopra- O Gott, du frommer Gott, BWV 767.flac
Jan 03 03:36 : update: added bach_organ_works/Johann Sebastian Bach, Karl Richter - Passacaglia In C Minor, BWV 582- Fugue.flac
Jan 03 03:36 : update: added bach_organ_works/Johann Sebastian Bach, Karl Richter - Passacaglia In C Minor, BWV 582- Passacaglia.flac
Jan 03 03:36 : update: added bach_organ_works/Johann Sebastian Bach, Karl Richter - Prelude (Fantasy) And Fugue In G Minor, BWV 542 - 'Great'- 2. Fugue.flac
Jan 03 03:36 : update: added bach_organ_works/Johann Sebastian Bach, Karl Richter - Prelude And Fuge In B Minor, BWV 544- Fugue.flac
Jan 03 03:36 : update: added bach_organ_works/Johann Sebastian Bach, Karl Richter - Prelude And Fuge In B Minor, BWV 544- Prelude.flac
Jan 03 03:36 : update: added bach_organ_works/Johann Sebastian Bach, Karl Richter - Prelude And Fugue In A Minor, BWV 543- 1. Prelude.flac
Jan 03 03:36 : update: added bach_organ_works/Johann Sebastian Bach, Karl Richter - Prelude And Fugue In A Minor, BWV 543- 2. Fugue.flac
Jan 03 03:36 : update: added bach_organ_works/Johann Sebastian Bach, Karl Richter - Prelude And Fugue In C Minor, BWV 546- 1. Prelude.flac
Jan 03 03:36 : update: added bach_organ_works/Johann Sebastian Bach, Karl Richter - Prelude And Fugue In C Minor, BWV 546- 2. Fugue.flac
Jan 03 03:36 : update: added bach_organ_works/Johann Sebastian Bach, Karl Richter - Prelude And Fugue In D Major, BWV 532- (Praeludium).flac
Jan 03 03:36 : update: added bach_organ_works/Johann Sebastian Bach, Karl Richter - Prelude And Fugue In D Major, BWV 532- Fuga.flac
Jan 03 03:36 : update: added bach_organ_works/Johann Sebastian Bach, Karl Richter - Prelude And Fugue In E Flat, BWV 552- 1. Prelude.flac
Jan 03 03:36 : update: added bach_organ_works/Johann Sebastian Bach, Karl Richter - Prelude And Fugue In E Flat, BWV 552- 2. Fugue.flac
Jan 03 03:36 : update: added bach_organ_works/Johann Sebastian Bach, Karl Richter - Prelude And Fugue In E Minor, BWV 548- (Praeludium).flac
Jan 03 03:36 : update: added bach_organ_works/Johann Sebastian Bach, Karl Richter - Sonata No. 1 In E Flat, BWV 525- 1. (Allegro moderato).flac
Jan 03 03:36 : update: added bach_organ_works/Johann Sebastian Bach, Karl Richter - Sonata No. 1 In E Flat, BWV 525- 2. Adagio.flac
Jan 03 03:36 : update: added bach_organ_works/Johann Sebastian Bach, Karl Richter - Sonata No. 1 In E Flat, BWV 525- 3. Allegro.flac
Jan 03 03:36 : update: added bach_organ_works/Johann Sebastian Bach, Karl Richter - Sonata No. 2 In C Minor, BWV 526- 1. Vivace.flac
Jan 03 03:36 : update: added bach_organ_works/Johann Sebastian Bach, Karl Richter - Sonata No. 2 In C Minor, BWV 526- 2. Largo.flac
Jan 03 03:36 : update: added bach_organ_works/Johann Sebastian Bach, Karl Richter - Sonata No. 2 In C Minor, BWV 526- 3. Allegro.flac
Jan 03 03:36 : update: added bach_organ_works/Johann Sebastian Bach, Karl Richter - Toccata (Prelude) And Fugue In F, BWV 540- (Toccata).flac
Jan 03 03:36 : update: added bach_organ_works/Johann Sebastian Bach, Karl Richter - Toccata And Fugue In D Minor, BWV 538 'Dorian'- 1. Prelude (Toccata).flac
Jan 03 03:36 : update: added bach_organ_works/Johann Sebastian Bach, Karl Richter - Toccata And Fugue In D Minor, BWV 565- Fugue.flac
Jan 03 03:36 : update: added bach_organ_works/Johann Sebastian Bach, Karl Richter - Toccata And Fugue In D Minor, BWV 565- Toccata.flac
Jan 03 03:36 : update: added bach_organ_works/Johann Sebastian Bach, Karl Richter - Wachet auf, ruft uns die Stimme, BWV 645 ('Sleepers, Awake').flac
Jan 03 03:36 : update: added karajan_berliner_philharmoniker_bach/Johann Sebastian Bach, Adolf Scherbaum, Karlheinz Zoeller, Lothar Koch, Michel Schwalbé, Berliner Philharmoniker, Herbert von Karajan - Brandenburg Concerto No. 2 in F Major, BWV 1047- I. (Allegro).flac
Jan 03 03:36 : update: added karajan_berliner_philharmoniker_bach/Johann Sebastian Bach, Adolf Scherbaum, Karlheinz Zoeller, Lothar Koch, Michel Schwalbé, Berliner Philharmoniker, Herbert von Karajan - Brandenburg Concerto No. 2 in F Major, BWV 1047- II. Andante.flac
Jan 03 03:36 : update: added karajan_berliner_philharmoniker_bach/Johann Sebastian Bach, Adolf Scherbaum, Karlheinz Zoeller, Lothar Koch, Michel Schwalbé, Berliner Philharmoniker, Herbert von Karajan - Brandenburg Concerto No. 2 in F Major, BWV 1047- III. Allegro assai.flac
Jan 03 03:36 : update: added karajan_berliner_philharmoniker_bach/Johann Sebastian Bach, Alan Civil, Shirley Hopkins, Karl Steins, Michel Schwalbé, Berliner Philharmoniker, Herbert von Karajan - Brandenburg Concerto No. 1 in F, BWV 1046- 1. (Allegro).flac
Jan 03 03:36 : update: added karajan_berliner_philharmoniker_bach/Johann Sebastian Bach, Alan Civil, Shirley Hopkins, Karl Steins, Michel Schwalbé, Berliner Philharmoniker, Herbert von Karajan - Brandenburg Concerto No. 1 in F, BWV 1046- 2. Adagio.flac
Jan 03 03:36 : update: added karajan_berliner_philharmoniker_bach/Johann Sebastian Bach, Alan Civil, Shirley Hopkins, Karl Steins, Michel Schwalbé, Berliner Philharmoniker, Herbert von Karajan - Brandenburg Concerto No. 1 in F, BWV 1046- 3. Allegro.flac
Jan 03 03:36 : update: added karajan_berliner_philharmoniker_bach/Johann Sebastian Bach, Berliner Philharmoniker, Herbert von Karajan - Brandenburg Concerto No. 3 in G, BWV 1048- 1. (Allegro).flac
Jan 03 03:36 : update: added karajan_berliner_philharmoniker_bach/Johann Sebastian Bach, Berliner Philharmoniker, Herbert von Karajan - Brandenburg Concerto No. 3 in G, BWV 1048- 2. Adagio.flac
Jan 03 03:36 : update: added karajan_berliner_philharmoniker_bach/Johann Sebastian Bach, Berliner Philharmoniker, Herbert von Karajan - Brandenburg Concerto No. 3 in G, BWV 1048- 3. Allegro.flac
Jan 03 03:36 : update: added karajan_berliner_philharmoniker_bach/Johann Sebastian Bach, Berliner Philharmoniker, Herbert von Karajan - Brandenburg Concerto No. 4 in G Major, BWV 1049- 3. Presto.flac
Jan 03 03:36 : update: added karajan_berliner_philharmoniker_bach/Johann Sebastian Bach, Berliner Philharmoniker, Herbert von Karajan - Brandenburg Concerto No. 4 in G, BWV 1049- 1. Allegro.flac
Jan 03 03:36 : update: added karajan_berliner_philharmoniker_bach/Johann Sebastian Bach, Berliner Philharmoniker, Herbert von Karajan - Brandenburg Concerto No. 4 in G, BWV 1049- 2. Andante.flac
Jan 03 03:36 : update: added karajan_berliner_philharmoniker_bach/Johann Sebastian Bach, Berliner Philharmoniker, Herbert von Karajan - Brandenburg Concerto No. 6 in B flat, BWV 1051- 1. (Allegro).flac
Jan 03 03:36 : update: added karajan_berliner_philharmoniker_bach/Johann Sebastian Bach, Berliner Philharmoniker, Herbert von Karajan - Brandenburg Concerto No. 6 in B flat, BWV 1051- 2. Adagio ma non tanto.flac
Jan 03 03:36 : update: added karajan_berliner_philharmoniker_bach/Johann Sebastian Bach, Berliner Philharmoniker, Herbert von Karajan - Brandenburg Concerto No. 6 in B flat, BWV 1051- 3. Allegro.flac
Jan 03 03:36 : update: added karajan_berliner_philharmoniker_bach/Johann Sebastian Bach, Berliner Philharmoniker, Herbert von Karajan - Orchestral Suite No. 3 in D Major, BWV 1068- II. Air.flac
Jan 03 03:36 : update: added karajan_berliner_philharmoniker_bach/Johann Sebastian Bach, Berliner Philharmoniker, Herbert von Karajan - Suite No. 3 in D, BWV 1068- 1. Ouverture.flac
Jan 03 03:36 : update: added karajan_berliner_philharmoniker_bach/Johann Sebastian Bach, Berliner Philharmoniker, Herbert von Karajan - Suite No. 3 in D, BWV 1068- 3. Gavotte I-II.flac
Jan 03 03:36 : update: added karajan_berliner_philharmoniker_bach/Johann Sebastian Bach, Berliner Philharmoniker, Herbert von Karajan - Suite No. 3 in D, BWV 1068- 4. Bourrée.flac
Jan 03 03:36 : update: added karajan_berliner_philharmoniker_bach/Johann Sebastian Bach, Berliner Philharmoniker, Herbert von Karajan - Suite No. 3 in D, BWV 1068- 5. Gigue.flac
Jan 03 03:36 : update: added karajan_berliner_philharmoniker_bach/Johann Sebastian Bach, Berliner Philharmoniker, Herbert von Karajan, Jörg Baumann, Wolfram Christ, Neithart Resa, Ottomar Borwitzky - Brandenburg Concerto No. 6 in B flat, BWV 1051- 2. Adagio ma non tanto.flac
Jan 03 03:36 : update: added karajan_berliner_philharmoniker_bach/Johann Sebastian Bach, Berliner Philharmoniker, Herbert von Karajan, Karlheinz Zoeller, Thomas Brandis, William Tim Read - Brandenburg Concerto No. 5 in D, BWV 1050- 1. Allegro.flac
Jan 03 03:36 : update: added karajan_berliner_philharmoniker_bach/Johann Sebastian Bach, Berliner Philharmoniker, Herbert von Karajan, Karlheinz Zoeller, Thomas Brandis, William Tim Read - Brandenburg Concerto No. 5 in D, BWV 1050- 2. Affetuoso.flac
Jan 03 03:36 : update: added karajan_berliner_philharmoniker_bach/Johann Sebastian Bach, Berliner Philharmoniker, Herbert von Karajan, Karlheinz Zoeller, Thomas Brandis, William Tim Read - Brandenburg Concerto No. 5 in D, BWV 1050- 3. Allegro.flac
Jan 03 03:36 : update: added karajan_berliner_philharmoniker_bach/Johann Sebastian Bach, Christa Ludwig, Berliner Philharmoniker, Herbert von Karajan - St. Matthew Passion, BWV 244  Part Two- No. 47- 'Erbarme dich, mein Gott'.flac
Jan 03 03:36 : update: added karajan_berliner_philharmoniker_bach/Johann Sebastian Bach, Christa Ludwig, Peter Schreier, Anton Diakov, Berliner Philharmoniker, Herbert von Karajan - St. Matthew Passion, BWV 244  Part Two- No. 39 Evangelist, Pontifex, Testis III- 'Und wiewohl viel falsche Zeugen herzutraten'.flac
Jan 03 03:36 : update: added karajan_berliner_philharmoniker_bach/Johann Sebastian Bach, Christa Ludwig, Wiener Singverein, Berliner Philharmoniker, Herbert von Karajan - St. Matthew Passion, BWV 244  Part Two- No. 36- 'Ach nun ist mein Jesu hin'.flac
Jan 03 03:36 : update: added karajan_berliner_philharmoniker_bach/Johann Sebastian Bach, David Bell, Berliner Philharmoniker, Herbert von Karajan - Suite No. 3 in D Major, BWV 1068- II. Air.flac
Jan 03 03:36 : update: added karajan_berliner_philharmoniker_bach/Johann Sebastian Bach, Horst Laubenthal, Berliner Philharmoniker, Herbert von Karajan - St. Matthew Passion, BWV 244  Part Two- No. 40 Recitative (Tenor)- 'Mein Jesus schweigt zu falschen Lügen stille'.flac
Jan 03 03:36 : update: added karajan_berliner_philharmoniker_bach/Johann Sebastian Bach, Horst Laubenthal, Berliner Philharmoniker, Herbert von Karajan - St. Matthew Passion, BWV 244  Part Two- No. 41 Aria (Tenor)- 'Geduld! Wenn mich falsche Zungen Stechen'.flac
Jan 03 03:36 : update: added karajan_berliner_philharmoniker_bach/Johann Sebastian Bach, Karlheinz Zoeller, Michel Schwalbé, Edith Picht-Axenfeld, Berliner Philharmoniker, Herbert von Karajan - Brandenburg Concerto No. 5 in D Major, BWV 1050- 1. Allegro (I).flac
Jan 03 03:36 : update: added karajan_berliner_philharmoniker_bach/Johann Sebastian Bach, Karlheinz Zoeller, Michel Schwalbé, Edith Picht-Axenfeld, Berliner Philharmoniker, Herbert von Karajan - Brandenburg Concerto No. 5 in D, BWV 1050- 2. Affetuoso.flac
Jan 03 03:36 : update: added karajan_berliner_philharmoniker_bach/Johann Sebastian Bach, Karlheinz Zoeller, Michel Schwalbé, Edith Picht-Axenfeld, Berliner Philharmoniker, Herbert von Karajan - Brandenburg Concerto No. 5 in D, BWV 1050- 3. Allegro (II).flac
Jan 03 03:36 : update: added karajan_berliner_philharmoniker_bach/Johann Sebastian Bach, Michel Schwalbé, Karlheinz Zoeller, Matthias Rütters, Berliner Philharmoniker, Herbert von Karajan - Brandenburg Concerto No. 4 in G Major, BWV 1049- 1. Allegro.flac
Jan 03 03:36 : update: added karajan_berliner_philharmoniker_bach/Johann Sebastian Bach, Michel Schwalbé, Karlheinz Zoeller, Matthias Rütters, Berliner Philharmoniker, Herbert von Karajan - Brandenburg Concerto No. 4 in G Major, BWV 1049- 2. Andante.flac
Jan 03 03:36 : update: added karajan_berliner_philharmoniker_bach/Johann Sebastian Bach, Peter Schreier, Berliner Philharmoniker, Herbert von Karajan - St. Matthew Passion, BWV 244  Part Two- No. 37 Evangelist- 'Die aber Jesum gegriffen hatten'.flac
Jan 03 03:36 : update: added karajan_berliner_philharmoniker_bach/Johann Sebastian Bach, Peter Schreier, Dietrich Fischer-Dieskau, Berliner Philharmoniker, Herbert von Karajan - St. Matthew Passion, BWV 244  Part One- No. 34 Evangelist, Jesus- 'Und siehe, einer aus denen'.flac
Jan 03 03:36 : update: added karajan_berliner_philharmoniker_bach/Johann Sebastian Bach, Peter Schreier, Wiener Singverein, Berliner Philharmoniker, Herbert von Karajan - St. Matthew Passion, BWV 244  Part Two- No. 43 EvangelistChorus III 'Da speieten sie aus in sein Ange-sicht'.flac
Jan 03 03:36 : update: added karajan_berliner_philharmoniker_bach/Johann Sebastian Bach, Robert Kerns, Berliner Philharmoniker, Herbert von Karajan - Mass In B Minor, BWV 232  Credo- Et in Spiritum Sanctum.flac
Jan 03 03:36 : update: added karajan_berliner_philharmoniker_bach/Johann Sebastian Bach, Wiener Singverein, Berliner Philharmoniker, Herbert von Karajan - Mass In B Minor, BWV 232  Credo- Confiteor unum baptisma.flac
Jan 03 03:36 : update: added karajan_berliner_philharmoniker_bach/Johann Sebastian Bach, Wiener Singverein, Berliner Philharmoniker, Herbert von Karajan - Mass In B Minor, BWV 232  Credo- Credo in unum Deum.flac
Jan 03 03:36 : update: added karajan_berliner_philharmoniker_bach/Johann Sebastian Bach, Wiener Singverein, Berliner Philharmoniker, Herbert von Karajan - Mass In B Minor, BWV 232  Credo- Et expecto resurrectionem.flac
Jan 03 03:36 : update: added karajan_berliner_philharmoniker_bach/Johann Sebastian Bach, Wiener Singverein, Berliner Philharmoniker, Herbert von Karajan - Mass In B Minor, BWV 232  Credo- Et incarnatus est.flac
Jan 03 03:36 : update: added karajan_berliner_philharmoniker_bach/Johann Sebastian Bach, Wiener Singverein, Berliner Philharmoniker, Herbert von Karajan - Mass In B Minor, BWV 232  Credo- Patrem omnipotentem.flac
Jan 03 03:36 : update: added karajan_berliner_philharmoniker_bach/Johann Sebastian Bach, Wiener Singverein, Berliner Philharmoniker, Herbert von Karajan - Mass In B Minor, BWV 232  Sanctus- Osanna in excelsis (I).flac
Jan 03 03:36 : update: added karajan_berliner_philharmoniker_bach/Johann Sebastian Bach, Wiener Singverein, Berliner Philharmoniker, Herbert von Karajan - Mass In B Minor, BWV 232  Sanctus- Osanna in excelsis (II).flac
Jan 03 03:36 : update: added karajan_berliner_philharmoniker_bach/Johann Sebastian Bach, Wiener Singverein, Berliner Philharmoniker, Herbert von Karajan - St. Matthew Passion, BWV 244  Part Two- No. 38 Choral- 'Mir hat die Welt trüglich gericht'.flac
Jan 03 03:36 : update: added karajan_berliner_philharmoniker_bach/Johann Sebastian Bach, Wiener Singverein, Berliner Philharmoniker, Herbert von Karajan - St. Matthew Passion, BWV 244  Part Two- No. 44 Choral- 'Wer hat dich so geschlagen'.flac
Jan 03 03:36 : update: added karajan_berliner_philharmoniker_bach/Johann Sebastian Bach, Wiener Singverein, Berliner Philharmoniker, Herbert von Karajan - St. Matthew Passion, BWV 244  Part Two- No. 48 Choral- 'Bin ich gleich von dir gewichen'.flac
Jan 03 03:36 : update: added karajan_berliner_philharmoniker_bach/Johann Sebastian Bach, Wiener Singverein, Chor der Deutschen Oper Berlin, Berliner Philharmoniker, Herbert von Karajan - St. Matthew Passion, BWV 244  Part One- No. 35 Choral- 'O Mensch, bewein dein Sünde groß'.flac
Jan 03 03:36 : update: added karajan_berliner_philharmoniker_bach/Johann Sebastian Bach, Wiener Singverein, Herbert von Karajan, Berliner Philharmoniker - Mass In B Minor, BWV 232  Credo- Et resurrexit.flac
Jan 03 03:36 : update: added purcell_the_indian_queen/The Scholars Baroque Ensemble, John Dryden, Henry Purcell - The Indian Queen, Z. 630 - Act II - The Masque Of Fame And Envy- Symphony.flac
Jan 03 03:36 : update: added purcell_the_indian_queen/The Scholars Baroque Ensemble, Henry Purcell, John Dryden - The Indian Queen, Z. 630 - Act I - Solo (Girl)- Why Should Men Quarrel.flac
Jan 03 03:36 : update: added purcell_the_indian_queen/The Scholars Baroque Ensemble, John Dryden, Henry Purcell - The Indian Queen, Z. 630 - Act II - Dance, Solo (Fame) And Chorus- I Came To Sing Great Zempolla's S.flac
Jan 03 03:36 : update: added purcell_the_indian_queen/The Scholars Baroque Ensemble, John Dryden, Henry Purcell - The Indian Queen, Z. 630 - Act I - Trumpet Tune.flac
Jan 03 03:36 : update: added purcell_the_indian_queen/The Scholars Baroque Ensemble, John Dryden, Henry Purcell - The Indian Queen, Z. 630- First Music - First Aire.flac
Jan 03 03:36 : update: added purcell_the_indian_queen/The Scholars Baroque Ensemble, Henry Purcell, John Dryden - The Indian Queen, Z. 630 - Act III - The God Of Dreams Descends.flac
Jan 03 03:36 : update: added purcell_the_indian_queen/The Scholars Baroque Ensemble, John Dryden, Henry Purcell - The Indian Queen, Z. 630- Second Music - First Aire.flac
Jan 03 03:36 : update: added purcell_the_indian_queen/The Scholars Baroque Ensemble, Henry Purcell, John Dryden - The Indian Queen, Z. 630 - Act I - Duet (Boy And Quivera)- If These Be They.flac
Jan 03 03:36 : update: added purcell_the_indian_queen/The Scholars Baroque Ensemble, John Dryden, Henry Purcell - The Indian Queen, Z. 630 - Act Ii - Solo (Fame)- Scorn'd Envy.flac
Jan 03 03:36 : update: added purcell_the_indian_queen/The Scholars Baroque Ensemble, Henry Purcell, John Dryden - The Indian Queen, Z. 630 - Act III - Solo (God Of Dreams)- Seek Not To Know.flac
Jan 03 03:36 : update: added purcell_the_indian_queen/The Scholars Baroque Ensemble, John Dryden, Henry Purcell - The Indian Queen, Z. 630 - Act III - Dance.flac
Jan 03 03:36 : update: added purcell_the_indian_queen/The Scholars Baroque Ensemble, John Dryden, Henry Purcell - The Indian Queen, Z. 630 - Act Ii - Solo (Fame) And Chorus- I Come To Sing.flac
Jan 03 03:36 : update: added purcell_the_indian_queen/The Scholars Baroque Ensemble, Henry Purcell, John Dryden - The Indian Queen, Z. 630- First Music - Second Aire.flac
Jan 03 03:36 : update: added purcell_the_indian_queen/The Scholars Baroque Ensemble, John Dryden, Henry Purcell - The Indian Queen, Z. 630 - Act III - The God Of Dreams Rises.flac
Jan 03 03:36 : update: added purcell_the_indian_queen/The Scholars Baroque Ensemble, John Dryden, Henry Purcell - The Indian Queen, Z. 630 - Act Ii - Solo (Envy)- I Fly From The Place.flac
Jan 03 03:36 : update: added purcell_the_indian_queen/The Scholars Baroque Ensemble, Henry Purcell - The Masque Of Hymen- The Last Act - Duet (Two Married People)- I Am Glad I Have Met Him.flac
Jan 03 03:36 : update: added purcell_the_indian_queen/The Scholars Baroque Ensemble, John Dryden, Henry Purcell - The Indian Queen, Z. 630 - Act III - Duet (Aerial Spirits)- Ah! How Happy We Are.flac
Jan 03 03:36 : update: added purcell_the_indian_queen/The Scholars Baroque Ensemble, Henry Purcell - The Masque Of Hymen- The Last Act - Solo (A Follower Of Hymen) And Chorus- Come, All, Come At My Call.flac
Jan 03 03:36 : update: added purcell_the_indian_queen/The Scholars Baroque Ensemble, John Dryden, Henry Purcell - The Indian Queen, Z. 630 - Act V - Symphony.flac
Jan 03 03:36 : update: added purcell_the_indian_queen/The Scholars Baroque Ensemble, John Dryden, Henry Purcell - The Indian Queen, Z. 630 - Act III - Third Act Tune (Rondeau).flac
Jan 03 03:36 : update: added purcell_the_indian_queen/The Scholars Baroque Ensemble, John Dryden, Henry Purcell - The Indian Queen, Z. 630 - Prologue And Act I- Trumpet Tune.flac
Jan 03 03:36 : update: added purcell_the_indian_queen/The Scholars Baroque Ensemble, John Dryden, Henry Purcell - The Indian Queen, Z. 630 - Act IV - Prelude And Song (Orazia)- They Tell Us That Your Mighty Powers.flac
Jan 03 03:36 : update: added purcell_the_indian_queen/The Scholars Baroque Ensemble, Henry Purcell - The Masque Of Hymen- The Last Act - Solo (Hymen)- To Bless The Genial Bed.flac
Jan 03 03:36 : update: added purcell_the_indian_queen/The Scholars Baroque Ensemble, Henry Purcell - The Masque Of Hymen- The Last Act - Duet (Two Married People)- My Honey.flac
Jan 03 03:36 : update: added purcell_the_indian_queen/The Scholars Baroque Ensemble, Henry Purcell - The Masque Of Hymen- The Last Act - Two Of Cupid's Followers- Make Haste To Put On Love's Chain.flac
Jan 03 03:36 : update: added purcell_the_indian_queen/The Scholars Baroque Ensemble, Henry Purcell - The Masque Of Hymen- The Last Act - Solo (Hymen)- Good People.flac
Jan 03 03:36 : update: added purcell_the_indian_queen/The Scholars Baroque Ensemble, Henry Purcell - The Masque Of Hymen- The Last Act - Solo (One Of Cupid's Followers)- Sound The Trumpet.flac
Jan 03 03:36 : update: added purcell_the_indian_queen/The Scholars Baroque Ensemble, John Dryden, Henry Purcell - The Indian Queen, Z. 630 - Act III - Trumpet Overture.flac
Jan 03 03:36 : update: added purcell_the_indian_queen/The Scholars Baroque Ensemble, Henry Purcell - The Masque Of Hymen- The Last Act - Solo (Cupid)- The Joys Of Wedlock.flac
Jan 03 03:36 : update: added purcell_the_indian_queen/The Scholars Baroque Ensemble, John Dryden, Henry Purcell - The Indian Queen, Z. 630 - Act V - Solo (High Priest) And Chorus- You, Who At The Altar Stand.flac
Jan 03 03:36 : update: added purcell_the_indian_queen/The Scholars Baroque Ensemble, Henry Purcell - The Masque Of Hymen- The Last Act - Trumpet Air.flac
Jan 03 03:36 : update: added purcell_the_indian_queen/The Scholars Baroque Ensemble, Henry Purcell - The Masque Of Hymen- The Last Act - Trumpet Symphony.flac
Jan 03 03:36 : update: added purcell_the_indian_queen/The Scholars Baroque Ensemble, Henry Purcell - The Masque Of Hymen- The Last Act - Chorus- Let Loud Renown.flac
Jan 03 03:36 : update: added purcell_the_indian_queen/The Scholars Baroque Ensemble, John Dryden, Henry Purcell - The Indian Queen, Z. 630 - Act V - Chorus- While Thus We Bow.flac
Jan 03 03:36 : update: added handel_music_for_the_royal_fireworks/George Frideric Handel, The English Concert, Trevor Pinnock - Concerto Grosso in C Major, HWV 318 'Alexander's Feast'- IV. Andante non presto.flac
Jan 03 03:36 : update: added handel_music_for_the_royal_fireworks/George Frideric Handel, The English Concert, Trevor Pinnock - Music for the Royal Fireworks- Suite HWV 351- IV. La Réjouissance.flac
Jan 03 03:36 : update: added handel_music_for_the_royal_fireworks/George Frideric Handel, Michael Laird, The English Concert, Trevor Pinnock - Alceste, HWV 45  Act I- Grand Entrée- Maestoso.flac
Jan 03 03:36 : update: added handel_music_for_the_royal_fireworks/George Frideric Handel, The English Concert, Trevor Pinnock - From Saul- Sinfonia, HWV 53- I. Allegro.flac
Jan 03 03:36 : update: added handel_music_for_the_royal_fireworks/George Frideric Handel, Trevor Pinnock, The English Concert - From Saul- Sinfonia, HWV 53- III. Allegro.flac
Jan 03 03:36 : update: added handel_music_for_the_royal_fireworks/George Frideric Handel, The English Concert, Trevor Pinnock - Solomon, HWV 67  Act III- Sinfonia 'The Arrival of the Queen of Sheba'.flac
Jan 03 03:36 : update: added handel_music_for_the_royal_fireworks/George Frideric Handel, Anthony Halstead, Christian Rutherford, The English Concert, Trevor Pinnock - From Samson  Act I- Sinfonia, HWV 57- III. Menuetto.flac
Jan 03 03:36 : update: added handel_music_for_the_royal_fireworks/George Frideric Handel, The English Concert, Trevor Pinnock - Music for the Royal Fireworks- Suite HWV 351- I. Ouverture.flac
Jan 03 03:36 : update: added handel_music_for_the_royal_fireworks/George Frideric Handel, Anthony Halstead, Christian Rutherford, The English Concert, Trevor Pinnock - From Samson  Act I- Sinfonia, HWV 57- II. Allegro.flac
Jan 03 03:36 : update: added handel_music_for_the_royal_fireworks/George Frideric Handel, The English Concert, Trevor Pinnock - Concerto Grosso in C Major, HWV 318 'Alexander's Feast'- I. Allegro.flac
Jan 03 03:36 : update: added handel_music_for_the_royal_fireworks/George Frideric Handel, Anthony Halstead, Christian Rutherford, The English Concert, Trevor Pinnock - From Samson  Act I- Sinfonia, HWV 57- I. Andante - Adagio.flac
Jan 03 03:36 : update: added handel_music_for_the_royal_fireworks/George Frideric Handel, The English Concert, Trevor Pinnock - Music for the Royal Fireworks- Suite HWV 351- VI. Menuet II.flac
Jan 03 03:36 : update: added handel_music_for_the_royal_fireworks/George Frideric Handel, The English Concert, Trevor Pinnock - Concerto Grosso in C Major, HWV 318 'Alexander's Feast'- III. Allegro - Adagio.flac
Jan 03 03:36 : update: added handel_music_for_the_royal_fireworks/George Frideric Handel, The English Concert, Trevor Pinnock - From Saul- Sinfonia, HWV 53- IV. Andante larghetto.flac
Jan 03 03:36 : update: added handel_music_for_the_royal_fireworks/George Frideric Handel, The English Concert, Trevor Pinnock - Belshazzar, HWV 61- Overture.flac
Jan 03 03:36 : update: added handel_music_for_the_royal_fireworks/George Frideric Handel, The English Concert, Trevor Pinnock - Music for the Royal Fireworks- Suite HWV 351- III. La Paix.flac
Jan 03 03:36 : update: added handel_music_for_the_royal_fireworks/George Frideric Handel, The English Concert, Trevor Pinnock - Music for the Royal Fireworks- Suite HWV 351- V. Menuet I.flac
Jan 03 03:36 : update: added handel_music_for_the_royal_fireworks/George Frideric Handel, The English Concert, Trevor Pinnock - Concerto Grosso in C Major, HWV 318 'Alexander's Feast'- II. Largo - Adagio.flac
Jan 03 03:36 : update: added handel_music_for_the_royal_fireworks/George Frideric Handel, The English Concert, Trevor Pinnock - From Saul- Sinfonia, HWV 53- II. Larghetto - Adagio.flac
Jan 03 03:36 : update: added handel_music_for_the_royal_fireworks/George Frideric Handel, The English Concert, Trevor Pinnock - Music for the Royal Fireworks- Suite HWV 351- II. Bourrée.flac
